<?xml version="1.0" encoding="UTF-8"?>
<coverage generated="1625439080277" clover="3.2.0">
  <project timestamp="1625439080278" name="All files">
    <metrics statements="16" coveredstatements="13" conditionals="10" coveredconditionals="7" methods="2" coveredmethods="1" elements="28" coveredelements="21" complexity="0" loc="16" ncloc="16" packages="1" files="3" classes="3"/>
    <file name="binarySearch.js" path="/Users/julimen5/Documents/proyectos/interview-algorithms/search/binarySearch.js">
      <metrics statements="8" coveredstatements="8" conditionals="8" coveredconditionals="7" methods="1" coveredmethods="1"/>
      <line num="9" count="1" type="stmt"/>
      <line num="10" count="11" type="cond" truecount="2" falsecount="0"/>
      <line num="11" count="3" type="cond" truecount="2" falsecount="0"/>
      <line num="14" count="8" type="stmt"/>
      <line num="15" count="8" type="cond" truecount="1" falsecount="1"/>
      <line num="16" count="8" type="cond" truecount="2" falsecount="0"/>
      <line num="17" count="6" type="stmt"/>
      <line num="20" count="1" type="stmt"/>
    </file>
    <file name="index.js" path="/Users/julimen5/Documents/proyectos/interview-algorithms/search/index.js">
      <metrics statements="3" coveredstatements="3" conditionals="0" coveredconditionals="0" methods="0" coveredmethods="0"/>
      <line num="1" count="1" type="stmt"/>
      <line num="2" count="1" type="stmt"/>
      <line num="4" count="1" type="stmt"/>
    </file>
    <file name="linearSearch.js" path="/Users/julimen5/Documents/proyectos/interview-algorithms/search/linearSearch.js">
      <metrics statements="5" coveredstatements="2" conditionals="2" coveredconditionals="0" methods="1" coveredmethods="0"/>
      <line num="11" count="1" type="stmt"/>
      <line num="12" count="0" type="stmt"/>
      <line num="13" count="0" type="cond" truecount="0" falsecount="2"/>
      <line num="15" count="0" type="stmt"/>
      <line num="18" count="1" type="stmt"/>
    </file>
  </project>
</coverage>
