{"/Users/julimen5/Documents/proyects/interview-algorithms/graphs/BFSGraph.js": {"path":"/Users/julimen5/Documents/proyects/interview-algorithms/graphs/BFSGraph.js","statementMap":{"0":{"start":{"line":83,"column":13},"end":{"line":97,"column":1}},"1":{"start":{"line":84,"column":16},"end":{"line":84,"column":17}},"2":{"start":{"line":85,"column":19},"end":{"line":85,"column":28}},"3":{"start":{"line":86,"column":17},"end":{"line":86,"column":21}},"4":{"start":{"line":87,"column":16},"end":{"line":87,"column":20}},"5":{"start":{"line":88,"column":18},"end":{"line":88,"column":23}},"6":{"start":{"line":89,"column":2},"end":{"line":89,"column":20}},"7":{"start":{"line":90,"column":2},"end":{"line":96,"column":4}},"8":{"start":{"line":106,"column":20},"end":{"line":117,"column":1}},"9":{"start":{"line":107,"column":16},"end":{"line":107,"column":18}},"10":{"start":{"line":108,"column":2},"end":{"line":115,"column":5}},"11":{"start":{"line":109,"column":4},"end":{"line":111,"column":42}},"12":{"start":{"line":110,"column":6},"end":{"line":110,"column":37}},"13":{"start":{"line":111,"column":11},"end":{"line":111,"column":42}},"14":{"start":{"line":112,"column":4},"end":{"line":114,"column":42}},"15":{"start":{"line":113,"column":6},"end":{"line":113,"column":37}},"16":{"start":{"line":114,"column":11},"end":{"line":114,"column":42}},"17":{"start":{"line":116,"column":2},"end":{"line":116,"column":15}},"18":{"start":{"line":129,"column":20},"end":{"line":135,"column":1}},"19":{"start":{"line":130,"column":2},"end":{"line":130,"column":33}},"20":{"start":{"line":131,"column":2},"end":{"line":133,"column":3}},"21":{"start":{"line":132,"column":4},"end":{"line":132,"column":26}},"22":{"start":{"line":134,"column":2},"end":{"line":134,"column":56}},"23":{"start":{"line":158,"column":12},"end":{"line":181,"column":1}},"24":{"start":{"line":159,"column":16},"end":{"line":159,"column":34}},"25":{"start":{"line":160,"column":16},"end":{"line":160,"column":18}},"26":{"start":{"line":161,"column":16},"end":{"line":161,"column":34}},"27":{"start":{"line":162,"column":2},"end":{"line":162,"column":20}},"28":{"start":{"line":163,"column":2},"end":{"line":163,"column":18}},"29":{"start":{"line":164,"column":2},"end":{"line":164,"column":23}},"30":{"start":{"line":165,"column":2},"end":{"line":176,"column":3}},"31":{"start":{"line":166,"column":20},"end":{"line":166,"column":33}},"32":{"start":{"line":167,"column":17},"end":{"line":167,"column":51}},"33":{"start":{"line":168,"column":4},"end":{"line":175,"column":7}},"34":{"start":{"line":169,"column":6},"end":{"line":174,"column":7}},"35":{"start":{"line":170,"column":8},"end":{"line":170,"column":34}},"36":{"start":{"line":171,"column":8},"end":{"line":171,"column":42}},"37":{"start":{"line":172,"column":8},"end":{"line":172,"column":45}},"38":{"start":{"line":173,"column":8},"end":{"line":173,"column":31}},"39":{"start":{"line":177,"column":2},"end":{"line":179,"column":3}},"40":{"start":{"line":178,"column":4},"end":{"line":178,"column":60}},"41":{"start":{"line":180,"column":2},"end":{"line":180,"column":36}},"42":{"start":{"line":183,"column":0},"end":{"line":185,"column":2}}},"fnMap":{"0":{"name":"(anonymous_0)","decl":{"start":{"line":83,"column":13},"end":{"line":83,"column":14}},"loc":{"start":{"line":83,"column":25},"end":{"line":97,"column":1}},"line":83},"1":{"name":"(anonymous_1)","decl":{"start":{"line":106,"column":20},"end":{"line":106,"column":21}},"loc":{"start":{"line":106,"column":31},"end":{"line":117,"column":1}},"line":106},"2":{"name":"(anonymous_2)","decl":{"start":{"line":108,"column":16},"end":{"line":108,"column":17}},"loc":{"start":{"line":108,"column":23},"end":{"line":115,"column":3}},"line":108},"3":{"name":"(anonymous_3)","decl":{"start":{"line":129,"column":20},"end":{"line":129,"column":21}},"loc":{"start":{"line":129,"column":50},"end":{"line":135,"column":1}},"line":129},"4":{"name":"(anonymous_4)","decl":{"start":{"line":158,"column":12},"end":{"line":158,"column":13}},"loc":{"start":{"line":158,"column":44},"end":{"line":181,"column":1}},"line":158},"5":{"name":"(anonymous_5)","decl":{"start":{"line":168,"column":17},"end":{"line":168,"column":18}},"loc":{"start":{"line":168,"column":26},"end":{"line":175,"column":5}},"line":168}},"branchMap":{"0":{"loc":{"start":{"line":109,"column":4},"end":{"line":111,"column":42}},"type":"if","locations":[{"start":{"line":109,"column":4},"end":{"line":111,"column":42}},{"start":{"line":111,"column":11},"end":{"line":111,"column":42}}],"line":109},"1":{"loc":{"start":{"line":112,"column":4},"end":{"line":114,"column":42}},"type":"if","locations":[{"start":{"line":112,"column":4},"end":{"line":114,"column":42}},{"start":{"line":114,"column":11},"end":{"line":114,"column":42}}],"line":112},"2":{"loc":{"start":{"line":129,"column":36},"end":{"line":129,"column":45}},"type":"default-arg","locations":[{"start":{"line":129,"column":43},"end":{"line":129,"column":45}}],"line":129},"3":{"loc":{"start":{"line":131,"column":2},"end":{"line":133,"column":3}},"type":"if","locations":[{"start":{"line":131,"column":2},"end":{"line":133,"column":3}},{"start":{},"end":{}}],"line":131},"4":{"loc":{"start":{"line":169,"column":6},"end":{"line":174,"column":7}},"type":"if","locations":[{"start":{"line":169,"column":6},"end":{"line":174,"column":7}},{"start":{},"end":{}}],"line":169},"5":{"loc":{"start":{"line":177,"column":2},"end":{"line":179,"column":3}},"type":"if","locations":[{"start":{"line":177,"column":2},"end":{"line":179,"column":3}},{"start":{},"end":{}}],"line":177}},"s":{"0":1,"1":24,"2":24,"3":24,"4":24,"5":24,"6":24,"7":24,"8":1,"9":4,"10":4,"11":19,"12":13,"13":6,"14":19,"15":1,"16":18,"17":4,"18":1,"19":6,"20":6,"21":3,"22":3,"23":1,"24":4,"25":4,"26":4,"27":4,"28":4,"29":4,"30":4,"31":20,"32":20,"33":20,"34":34,"35":16,"36":16,"37":16,"38":16,"39":4,"40":1,"41":3,"42":1},"f":{"0":24,"1":4,"2":19,"3":6,"4":4,"5":34},"b":{"0":[13,6],"1":[1,18],"2":[3],"3":[3,3],"4":[16,18],"5":[1,3]},"_coverageSchema":"1a1c01bbd47fc00a2c39e90264f33305004495a9","hash":"5799614dc510bc739d0c25de38af1553011cbc82"}
,"/Users/julimen5/Documents/proyects/interview-algorithms/search/binarySearch.js": {"path":"/Users/julimen5/Documents/proyects/interview-algorithms/search/binarySearch.js","statementMap":{"0":{"start":{"line":11,"column":21},"end":{"line":20,"column":1}},"1":{"start":{"line":13,"column":2},"end":{"line":15,"column":3}},"2":{"start":{"line":14,"column":4},"end":{"line":14,"column":33}},"3":{"start":{"line":16,"column":14},"end":{"line":16,"column":40}},"4":{"start":{"line":17,"column":2},"end":{"line":17,"column":31}},"5":{"start":{"line":17,"column":22},"end":{"line":17,"column":31}},"6":{"start":{"line":18,"column":2},"end":{"line":18,"column":62}},"7":{"start":{"line":18,"column":20},"end":{"line":18,"column":62}},"8":{"start":{"line":19,"column":2},"end":{"line":19,"column":53}},"9":{"start":{"line":22,"column":0},"end":{"line":24,"column":2}}},"fnMap":{"0":{"name":"(anonymous_0)","decl":{"start":{"line":11,"column":21},"end":{"line":11,"column":22}},"loc":{"start":{"line":11,"column":33},"end":{"line":20,"column":1}},"line":11}},"branchMap":{"0":{"loc":{"start":{"line":13,"column":2},"end":{"line":15,"column":3}},"type":"if","locations":[{"start":{"line":13,"column":2},"end":{"line":15,"column":3}},{"start":{},"end":{}}],"line":13},"1":{"loc":{"start":{"line":14,"column":11},"end":{"line":14,"column":32}},"type":"cond-expr","locations":[{"start":{"line":14,"column":26},"end":{"line":14,"column":27}},{"start":{"line":14,"column":30},"end":{"line":14,"column":32}}],"line":14},"2":{"loc":{"start":{"line":17,"column":2},"end":{"line":17,"column":31}},"type":"if","locations":[{"start":{"line":17,"column":2},"end":{"line":17,"column":31}},{"start":{},"end":{}}],"line":17},"3":{"loc":{"start":{"line":18,"column":2},"end":{"line":18,"column":62}},"type":"if","locations":[{"start":{"line":18,"column":2},"end":{"line":18,"column":62}},{"start":{},"end":{}}],"line":18}},"s":{"0":1,"1":11,"2":3,"3":8,"4":8,"5":0,"6":8,"7":2,"8":6,"9":1},"f":{"0":11},"b":{"0":[3,8],"1":[1,2],"2":[0,8],"3":[2,6]},"_coverageSchema":"1a1c01bbd47fc00a2c39e90264f33305004495a9","hash":"becad68a27a45a030f82bdb93079adc75c556b34"}
,"/Users/julimen5/Documents/proyects/interview-algorithms/search/index.js": {"path":"/Users/julimen5/Documents/proyects/interview-algorithms/search/index.js","statementMap":{"0":{"start":{"line":1,"column":21},"end":{"line":1,"column":46}},"1":{"start":{"line":2,"column":21},"end":{"line":2,"column":46}},"2":{"start":{"line":3,"column":19},"end":{"line":3,"column":42}},"3":{"start":{"line":5,"column":0},"end":{"line":9,"column":2}}},"fnMap":{},"branchMap":{},"s":{"0":1,"1":1,"2":1,"3":1},"f":{},"b":{},"_coverageSchema":"1a1c01bbd47fc00a2c39e90264f33305004495a9","hash":"ebc1ad176420fb93ccfd0763c536fd0f7278a2ce"}
,"/Users/julimen5/Documents/proyects/interview-algorithms/search/jumpSearch.js": {"path":"/Users/julimen5/Documents/proyects/interview-algorithms/search/jumpSearch.js","statementMap":{"0":{"start":{"line":9,"column":19},"end":{"line":14,"column":1}},"1":{"start":{"line":10,"column":17},"end":{"line":10,"column":27}},"2":{"start":{"line":11,"column":15},"end":{"line":11,"column":42}},"3":{"start":{"line":12,"column":19},"end":{"line":12,"column":50}},"4":{"start":{"line":13,"column":2},"end":{"line":13,"column":45}},"5":{"start":{"line":16,"column":18},"end":{"line":41,"column":1}},"6":{"start":{"line":17,"column":14},"end":{"line":17,"column":15}},"7":{"start":{"line":18,"column":20},"end":{"line":18,"column":24}},"8":{"start":{"line":26,"column":2},"end":{"line":31,"column":3}},"9":{"start":{"line":27,"column":4},"end":{"line":27,"column":24}},"10":{"start":{"line":28,"column":4},"end":{"line":28,"column":24}},"11":{"start":{"line":29,"column":4},"end":{"line":30,"column":15}},"12":{"start":{"line":30,"column":6},"end":{"line":30,"column":15}},"13":{"start":{"line":34,"column":2},"end":{"line":38,"column":3}},"14":{"start":{"line":35,"column":4},"end":{"line":35,"column":15}},"15":{"start":{"line":36,"column":4},"end":{"line":37,"column":15}},"16":{"start":{"line":37,"column":6},"end":{"line":37,"column":15}},"17":{"start":{"line":39,"column":2},"end":{"line":39,"column":15}},"18":{"start":{"line":43,"column":0},"end":{"line":45,"column":2}}},"fnMap":{"0":{"name":"(anonymous_0)","decl":{"start":{"line":9,"column":19},"end":{"line":9,"column":20}},"loc":{"start":{"line":9,"column":37},"end":{"line":14,"column":1}},"line":9},"1":{"name":"(anonymous_1)","decl":{"start":{"line":16,"column":18},"end":{"line":16,"column":19}},"loc":{"start":{"line":16,"column":46},"end":{"line":41,"column":1}},"line":16}},"branchMap":{"0":{"loc":{"start":{"line":13,"column":9},"end":{"line":13,"column":44}},"type":"cond-expr","locations":[{"start":{"line":13,"column":31},"end":{"line":13,"column":39}},{"start":{"line":13,"column":42},"end":{"line":13,"column":44}}],"line":13},"1":{"loc":{"start":{"line":29,"column":4},"end":{"line":30,"column":15}},"type":"if","locations":[{"start":{"line":29,"column":4},"end":{"line":30,"column":15}},{"start":{},"end":{}}],"line":29},"2":{"loc":{"start":{"line":36,"column":4},"end":{"line":37,"column":15}},"type":"if","locations":[{"start":{"line":36,"column":4},"end":{"line":37,"column":15}},{"start":{},"end":{}}],"line":36}},"s":{"0":1,"1":4,"2":4,"3":4,"4":4,"5":1,"6":4,"7":4,"8":4,"9":9,"10":9,"11":9,"12":1,"13":3,"14":1,"15":1,"16":0,"17":3,"18":1},"f":{"0":4,"1":4},"b":{"0":[3,1],"1":[1,8],"2":[0,1]},"_coverageSchema":"1a1c01bbd47fc00a2c39e90264f33305004495a9","hash":"ce1cf2c8e582753440f29afa944a79fc05a24c76"}
,"/Users/julimen5/Documents/proyects/interview-algorithms/search/linearSearch.js": {"path":"/Users/julimen5/Documents/proyects/interview-algorithms/search/linearSearch.js","statementMap":{"0":{"start":{"line":11,"column":21},"end":{"line":16,"column":1}},"1":{"start":{"line":12,"column":2},"end":{"line":14,"column":3}},"2":{"start":{"line":12,"column":15},"end":{"line":12,"column":16}},"3":{"start":{"line":13,"column":4},"end":{"line":13,"column":38}},"4":{"start":{"line":13,"column":29},"end":{"line":13,"column":38}},"5":{"start":{"line":15,"column":2},"end":{"line":15,"column":12}},"6":{"start":{"line":18,"column":0},"end":{"line":20,"column":2}}},"fnMap":{"0":{"name":"(anonymous_0)","decl":{"start":{"line":11,"column":21},"end":{"line":11,"column":22}},"loc":{"start":{"line":11,"column":40},"end":{"line":16,"column":1}},"line":11}},"branchMap":{"0":{"loc":{"start":{"line":13,"column":4},"end":{"line":13,"column":38}},"type":"if","locations":[{"start":{"line":13,"column":4},"end":{"line":13,"column":38}},{"start":{},"end":{}}],"line":13}},"s":{"0":1,"1":2,"2":2,"3":8,"4":1,"5":1,"6":1},"f":{"0":2},"b":{"0":[1,7]},"_coverageSchema":"1a1c01bbd47fc00a2c39e90264f33305004495a9","hash":"f0077bb4462fd8e2457f057c741167f98ae81e2a"}
,"/Users/julimen5/Documents/proyects/interview-algorithms/sort/bubbleSort.js": {"path":"/Users/julimen5/Documents/proyects/interview-algorithms/sort/bubbleSort.js","statementMap":{"0":{"start":{"line":11,"column":19},"end":{"line":24,"column":1}},"1":{"start":{"line":12,"column":17},"end":{"line":12,"column":22}},"2":{"start":{"line":13,"column":2},"end":{"line":22,"column":3}},"3":{"start":{"line":13,"column":15},"end":{"line":13,"column":16}},"4":{"start":{"line":14,"column":4},"end":{"line":21,"column":5}},"5":{"start":{"line":14,"column":17},"end":{"line":14,"column":18}},"6":{"start":{"line":15,"column":6},"end":{"line":20,"column":7}},"7":{"start":{"line":17,"column":26},"end":{"line":17,"column":35}},"8":{"start":{"line":18,"column":8},"end":{"line":18,"column":34}},"9":{"start":{"line":19,"column":8},"end":{"line":19,"column":34}},"10":{"start":{"line":23,"column":2},"end":{"line":23,"column":16}},"11":{"start":{"line":25,"column":0},"end":{"line":27,"column":2}}},"fnMap":{"0":{"name":"(anonymous_0)","decl":{"start":{"line":11,"column":19},"end":{"line":11,"column":20}},"loc":{"start":{"line":11,"column":30},"end":{"line":24,"column":1}},"line":11}},"branchMap":{"0":{"loc":{"start":{"line":15,"column":6},"end":{"line":20,"column":7}},"type":"if","locations":[{"start":{"line":15,"column":6},"end":{"line":20,"column":7}},{"start":{},"end":{}}],"line":15}},"s":{"0":1,"1":1,"2":1,"3":1,"4":6,"5":6,"6":36,"7":10,"8":10,"9":10,"10":1,"11":1},"f":{"0":1},"b":{"0":[10,26]},"_coverageSchema":"1a1c01bbd47fc00a2c39e90264f33305004495a9","hash":"6592a4da67bee943989f7fa1d52e4b635f18bbef"}
,"/Users/julimen5/Documents/proyects/interview-algorithms/sort/index.js": {"path":"/Users/julimen5/Documents/proyects/interview-algorithms/sort/index.js","statementMap":{"0":{"start":{"line":1,"column":16},"end":{"line":1,"column":42}},"1":{"start":{"line":2,"column":16},"end":{"line":2,"column":39}},"2":{"start":{"line":3,"column":15},"end":{"line":3,"column":41}},"3":{"start":{"line":4,"column":18},"end":{"line":4,"column":40}},"4":{"start":{"line":5,"column":18},"end":{"line":5,"column":40}},"5":{"start":{"line":7,"column":13},"end":{"line":13,"column":1}},"6":{"start":{"line":15,"column":0},"end":{"line":15,"column":22}}},"fnMap":{},"branchMap":{},"s":{"0":1,"1":1,"2":1,"3":1,"4":1,"5":1,"6":1},"f":{},"b":{},"_coverageSchema":"1a1c01bbd47fc00a2c39e90264f33305004495a9","hash":"f2b89c8d118fb6c7951391da4dd6903f9909f31d"}
,"/Users/julimen5/Documents/proyects/interview-algorithms/sort/insertionSort.js": {"path":"/Users/julimen5/Documents/proyects/interview-algorithms/sort/insertionSort.js","statementMap":{"0":{"start":{"line":13,"column":22},"end":{"line":29,"column":1}},"1":{"start":{"line":14,"column":17},"end":{"line":14,"column":22}},"2":{"start":{"line":15,"column":2},"end":{"line":27,"column":3}},"3":{"start":{"line":15,"column":15},"end":{"line":15,"column":16}},"4":{"start":{"line":16,"column":19},"end":{"line":16,"column":20}},"5":{"start":{"line":17,"column":4},"end":{"line":21,"column":5}},"6":{"start":{"line":17,"column":17},"end":{"line":17,"column":18}},"7":{"start":{"line":18,"column":6},"end":{"line":20,"column":7}},"8":{"start":{"line":19,"column":8},"end":{"line":19,"column":21}},"9":{"start":{"line":22,"column":4},"end":{"line":26,"column":5}},"10":{"start":{"line":23,"column":24},"end":{"line":23,"column":33}},"11":{"start":{"line":24,"column":6},"end":{"line":24,"column":35}},"12":{"start":{"line":25,"column":6},"end":{"line":25,"column":35}},"13":{"start":{"line":28,"column":2},"end":{"line":28,"column":16}},"14":{"start":{"line":31,"column":0},"end":{"line":31,"column":35}}},"fnMap":{"0":{"name":"(anonymous_0)","decl":{"start":{"line":13,"column":22},"end":{"line":13,"column":23}},"loc":{"start":{"line":13,"column":33},"end":{"line":29,"column":1}},"line":13}},"branchMap":{"0":{"loc":{"start":{"line":18,"column":6},"end":{"line":20,"column":7}},"type":"if","locations":[{"start":{"line":18,"column":6},"end":{"line":20,"column":7}},{"start":{},"end":{}}],"line":18},"1":{"loc":{"start":{"line":22,"column":4},"end":{"line":26,"column":5}},"type":"if","locations":[{"start":{"line":22,"column":4},"end":{"line":26,"column":5}},{"start":{},"end":{}}],"line":22}},"s":{"0":1,"1":1,"2":1,"3":1,"4":6,"5":6,"6":6,"7":27,"8":7,"9":6,"10":5,"11":5,"12":5,"13":1,"14":1},"f":{"0":1},"b":{"0":[7,20],"1":[5,1]},"_coverageSchema":"1a1c01bbd47fc00a2c39e90264f33305004495a9","hash":"af0bff410b9eb72d332bf7e1208b9260d12c78f3"}
,"/Users/julimen5/Documents/proyects/interview-algorithms/sort/mergeSort.js": {"path":"/Users/julimen5/Documents/proyects/interview-algorithms/sort/mergeSort.js","statementMap":{"0":{"start":{"line":1,"column":14},"end":{"line":7,"column":1}},"1":{"start":{"line":2,"column":17},"end":{"line":2,"column":19}},"2":{"start":{"line":3,"column":2},"end":{"line":5,"column":3}},"3":{"start":{"line":4,"column":4},"end":{"line":4,"column":67}},"4":{"start":{"line":6,"column":2},"end":{"line":6,"column":40}},"5":{"start":{"line":9,"column":18},"end":{"line":17,"column":1}},"6":{"start":{"line":10,"column":2},"end":{"line":12,"column":3}},"7":{"start":{"line":11,"column":4},"end":{"line":11,"column":17}},"8":{"start":{"line":13,"column":17},"end":{"line":13,"column":45}},"9":{"start":{"line":14,"column":18},"end":{"line":14,"column":40}},"10":{"start":{"line":15,"column":19},"end":{"line":15,"column":38}},"11":{"start":{"line":16,"column":2},"end":{"line":16,"column":56}},"12":{"start":{"line":19,"column":0},"end":{"line":19,"column":31}}},"fnMap":{"0":{"name":"(anonymous_0)","decl":{"start":{"line":1,"column":14},"end":{"line":1,"column":15}},"loc":{"start":{"line":1,"column":31},"end":{"line":7,"column":1}},"line":1},"1":{"name":"(anonymous_1)","decl":{"start":{"line":9,"column":18},"end":{"line":9,"column":19}},"loc":{"start":{"line":9,"column":29},"end":{"line":17,"column":1}},"line":9}},"branchMap":{"0":{"loc":{"start":{"line":3,"column":9},"end":{"line":3,"column":36}},"type":"binary-expr","locations":[{"start":{"line":3,"column":9},"end":{"line":3,"column":20}},{"start":{"line":3,"column":24},"end":{"line":3,"column":36}}],"line":3},"1":{"loc":{"start":{"line":4,"column":16},"end":{"line":4,"column":65}},"type":"cond-expr","locations":[{"start":{"line":4,"column":37},"end":{"line":4,"column":49}},{"start":{"line":4,"column":52},"end":{"line":4,"column":65}}],"line":4},"2":{"loc":{"start":{"line":10,"column":2},"end":{"line":12,"column":3}},"type":"if","locations":[{"start":{"line":10,"column":2},"end":{"line":12,"column":3}},{"start":{},"end":{}}],"line":10}},"s":{"0":1,"1":4,"2":4,"3":8,"4":4,"5":1,"6":9,"7":5,"8":4,"9":4,"10":4,"11":4,"12":1},"f":{"0":4,"1":9},"b":{"0":[12,10],"1":[3,5],"2":[5,4]},"_coverageSchema":"1a1c01bbd47fc00a2c39e90264f33305004495a9","hash":"e7c31aa46726b23bccb4f56c929314c3c1d4855c"}
,"/Users/julimen5/Documents/proyects/interview-algorithms/sort/quickSort.js": {"path":"/Users/julimen5/Documents/proyects/interview-algorithms/sort/quickSort.js","statementMap":{"0":{"start":{"line":1,"column":13},"end":{"line":5,"column":1}},"1":{"start":{"line":2,"column":15},"end":{"line":2,"column":21}},"2":{"start":{"line":3,"column":2},"end":{"line":3,"column":18}},"3":{"start":{"line":4,"column":2},"end":{"line":4,"column":16}},"4":{"start":{"line":7,"column":21},"end":{"line":18,"column":1}},"5":{"start":{"line":8,"column":16},"end":{"line":8,"column":24}},"6":{"start":{"line":9,"column":23},"end":{"line":9,"column":28}},"7":{"start":{"line":10,"column":2},"end":{"line":15,"column":3}},"8":{"start":{"line":10,"column":15},"end":{"line":10,"column":20}},"9":{"start":{"line":11,"column":4},"end":{"line":14,"column":5}},"10":{"start":{"line":12,"column":6},"end":{"line":12,"column":35}},"11":{"start":{"line":13,"column":6},"end":{"line":13,"column":26}},"12":{"start":{"line":16,"column":2},"end":{"line":16,"column":33}},"13":{"start":{"line":17,"column":2},"end":{"line":17,"column":24}},"14":{"start":{"line":33,"column":18},"end":{"line":40,"column":1}},"15":{"start":{"line":34,"column":2},"end":{"line":38,"column":3}},"16":{"start":{"line":35,"column":22},"end":{"line":35,"column":53}},"17":{"start":{"line":36,"column":4},"end":{"line":36,"column":43}},"18":{"start":{"line":37,"column":4},"end":{"line":37,"column":41}},"19":{"start":{"line":39,"column":2},"end":{"line":39,"column":15}},"20":{"start":{"line":42,"column":0},"end":{"line":44,"column":2}}},"fnMap":{"0":{"name":"(anonymous_0)","decl":{"start":{"line":1,"column":13},"end":{"line":1,"column":14}},"loc":{"start":{"line":1,"column":28},"end":{"line":5,"column":1}},"line":1},"1":{"name":"(anonymous_1)","decl":{"start":{"line":7,"column":21},"end":{"line":7,"column":22}},"loc":{"start":{"line":7,"column":42},"end":{"line":18,"column":1}},"line":7},"2":{"name":"(anonymous_2)","decl":{"start":{"line":33,"column":18},"end":{"line":33,"column":19}},"loc":{"start":{"line":33,"column":41},"end":{"line":40,"column":1}},"line":33}},"branchMap":{"0":{"loc":{"start":{"line":11,"column":4},"end":{"line":14,"column":5}},"type":"if","locations":[{"start":{"line":11,"column":4},"end":{"line":14,"column":5}},{"start":{},"end":{}}],"line":11},"1":{"loc":{"start":{"line":34,"column":2},"end":{"line":38,"column":3}},"type":"if","locations":[{"start":{"line":34,"column":2},"end":{"line":38,"column":3}},{"start":{},"end":{}}],"line":34}},"s":{"0":1,"1":8,"2":8,"3":8,"4":1,"5":4,"6":4,"7":4,"8":4,"9":10,"10":4,"11":4,"12":4,"13":4,"14":1,"15":9,"16":4,"17":4,"18":4,"19":9,"20":1},"f":{"0":8,"1":4,"2":9},"b":{"0":[4,6],"1":[4,5]},"_coverageSchema":"1a1c01bbd47fc00a2c39e90264f33305004495a9","hash":"1151cf10da1136d707eb392a1cda4e1c4850906f"}
,"/Users/julimen5/Documents/proyects/interview-algorithms/sort/selectionSort.js": {"path":"/Users/julimen5/Documents/proyects/interview-algorithms/sort/selectionSort.js","statementMap":{"0":{"start":{"line":16,"column":22},"end":{"line":33,"column":1}},"1":{"start":{"line":17,"column":17},"end":{"line":17,"column":22}},"2":{"start":{"line":18,"column":2},"end":{"line":31,"column":3}},"3":{"start":{"line":18,"column":15},"end":{"line":18,"column":16}},"4":{"start":{"line":19,"column":19},"end":{"line":19,"column":20}},"5":{"start":{"line":20,"column":4},"end":{"line":25,"column":5}},"6":{"start":{"line":20,"column":17},"end":{"line":20,"column":22}},"7":{"start":{"line":21,"column":6},"end":{"line":23,"column":7}},"8":{"start":{"line":22,"column":8},"end":{"line":22,"column":21}},"9":{"start":{"line":24,"column":6},"end":{"line":24,"column":73}},"10":{"start":{"line":24,"column":60},"end":{"line":24,"column":73}},"11":{"start":{"line":26,"column":4},"end":{"line":30,"column":5}},"12":{"start":{"line":27,"column":24},"end":{"line":27,"column":33}},"13":{"start":{"line":28,"column":6},"end":{"line":28,"column":35}},"14":{"start":{"line":29,"column":6},"end":{"line":29,"column":35}},"15":{"start":{"line":32,"column":2},"end":{"line":32,"column":16}},"16":{"start":{"line":35,"column":0},"end":{"line":37,"column":2}}},"fnMap":{"0":{"name":"(anonymous_0)","decl":{"start":{"line":16,"column":22},"end":{"line":16,"column":23}},"loc":{"start":{"line":16,"column":40},"end":{"line":33,"column":1}},"line":16}},"branchMap":{"0":{"loc":{"start":{"line":21,"column":6},"end":{"line":23,"column":7}},"type":"if","locations":[{"start":{"line":21,"column":6},"end":{"line":23,"column":7}},{"start":{},"end":{}}],"line":21},"1":{"loc":{"start":{"line":21,"column":10},"end":{"line":21,"column":57}},"type":"binary-expr","locations":[{"start":{"line":21,"column":10},"end":{"line":21,"column":25}},{"start":{"line":21,"column":29},"end":{"line":21,"column":57}}],"line":21},"2":{"loc":{"start":{"line":24,"column":6},"end":{"line":24,"column":73}},"type":"if","locations":[{"start":{"line":24,"column":6},"end":{"line":24,"column":73}},{"start":{},"end":{}}],"line":24},"3":{"loc":{"start":{"line":24,"column":10},"end":{"line":24,"column":58}},"type":"binary-expr","locations":[{"start":{"line":24,"column":10},"end":{"line":24,"column":26}},{"start":{"line":24,"column":30},"end":{"line":24,"column":58}}],"line":24},"4":{"loc":{"start":{"line":26,"column":4},"end":{"line":30,"column":5}},"type":"if","locations":[{"start":{"line":26,"column":4},"end":{"line":30,"column":5}},{"start":{},"end":{}}],"line":26}},"s":{"0":1,"1":3,"2":3,"3":3,"4":18,"5":18,"6":18,"7":66,"8":18,"9":66,"10":4,"11":18,"12":15,"13":15,"14":15,"15":3,"16":1},"f":{"0":3},"b":{"0":[18,48],"1":[66,51],"2":[4,62],"3":[66,15],"4":[15,3]},"_coverageSchema":"1a1c01bbd47fc00a2c39e90264f33305004495a9","hash":"ad09fbb7ffca1a619814063433377666cd8178d8"}
}
