{"/Users/julimen5/Documents/proyects/interview-algorithms/search/binarySearch.js": {"path":"/Users/julimen5/Documents/proyects/interview-algorithms/search/binarySearch.js","statementMap":{"0":{"start":{"line":11,"column":21},"end":{"line":20,"column":1}},"1":{"start":{"line":13,"column":2},"end":{"line":15,"column":3}},"2":{"start":{"line":14,"column":4},"end":{"line":14,"column":33}},"3":{"start":{"line":16,"column":14},"end":{"line":16,"column":40}},"4":{"start":{"line":17,"column":2},"end":{"line":17,"column":31}},"5":{"start":{"line":17,"column":22},"end":{"line":17,"column":31}},"6":{"start":{"line":18,"column":2},"end":{"line":18,"column":62}},"7":{"start":{"line":18,"column":20},"end":{"line":18,"column":62}},"8":{"start":{"line":19,"column":2},"end":{"line":19,"column":53}},"9":{"start":{"line":22,"column":0},"end":{"line":24,"column":2}}},"fnMap":{"0":{"name":"(anonymous_0)","decl":{"start":{"line":11,"column":21},"end":{"line":11,"column":22}},"loc":{"start":{"line":11,"column":33},"end":{"line":20,"column":1}},"line":11}},"branchMap":{"0":{"loc":{"start":{"line":13,"column":2},"end":{"line":15,"column":3}},"type":"if","locations":[{"start":{"line":13,"column":2},"end":{"line":15,"column":3}},{"start":{},"end":{}}],"line":13},"1":{"loc":{"start":{"line":14,"column":11},"end":{"line":14,"column":32}},"type":"cond-expr","locations":[{"start":{"line":14,"column":26},"end":{"line":14,"column":27}},{"start":{"line":14,"column":30},"end":{"line":14,"column":32}}],"line":14},"2":{"loc":{"start":{"line":17,"column":2},"end":{"line":17,"column":31}},"type":"if","locations":[{"start":{"line":17,"column":2},"end":{"line":17,"column":31}},{"start":{},"end":{}}],"line":17},"3":{"loc":{"start":{"line":18,"column":2},"end":{"line":18,"column":62}},"type":"if","locations":[{"start":{"line":18,"column":2},"end":{"line":18,"column":62}},{"start":{},"end":{}}],"line":18}},"s":{"0":1,"1":0,"2":0,"3":0,"4":0,"5":0,"6":0,"7":0,"8":0,"9":1},"f":{"0":0},"b":{"0":[0,0],"1":[0,0],"2":[0,0],"3":[0,0]},"_coverageSchema":"1a1c01bbd47fc00a2c39e90264f33305004495a9","hash":"becad68a27a45a030f82bdb93079adc75c556b34"}
,"/Users/julimen5/Documents/proyects/interview-algorithms/search/index.js": {"path":"/Users/julimen5/Documents/proyects/interview-algorithms/search/index.js","statementMap":{"0":{"start":{"line":1,"column":21},"end":{"line":1,"column":46}},"1":{"start":{"line":2,"column":21},"end":{"line":2,"column":46}},"2":{"start":{"line":3,"column":19},"end":{"line":3,"column":42}},"3":{"start":{"line":5,"column":0},"end":{"line":9,"column":2}}},"fnMap":{},"branchMap":{},"s":{"0":1,"1":1,"2":1,"3":1},"f":{},"b":{},"_coverageSchema":"1a1c01bbd47fc00a2c39e90264f33305004495a9","hash":"ebc1ad176420fb93ccfd0763c536fd0f7278a2ce"}
,"/Users/julimen5/Documents/proyects/interview-algorithms/search/jumpSearch.js": {"path":"/Users/julimen5/Documents/proyects/interview-algorithms/search/jumpSearch.js","statementMap":{"0":{"start":{"line":9,"column":19},"end":{"line":14,"column":1}},"1":{"start":{"line":10,"column":17},"end":{"line":10,"column":27}},"2":{"start":{"line":11,"column":15},"end":{"line":11,"column":42}},"3":{"start":{"line":12,"column":19},"end":{"line":12,"column":50}},"4":{"start":{"line":13,"column":2},"end":{"line":13,"column":45}},"5":{"start":{"line":16,"column":18},"end":{"line":41,"column":1}},"6":{"start":{"line":17,"column":14},"end":{"line":17,"column":15}},"7":{"start":{"line":18,"column":20},"end":{"line":18,"column":24}},"8":{"start":{"line":26,"column":2},"end":{"line":31,"column":3}},"9":{"start":{"line":27,"column":4},"end":{"line":27,"column":24}},"10":{"start":{"line":28,"column":4},"end":{"line":28,"column":24}},"11":{"start":{"line":29,"column":4},"end":{"line":30,"column":15}},"12":{"start":{"line":30,"column":6},"end":{"line":30,"column":15}},"13":{"start":{"line":34,"column":2},"end":{"line":38,"column":3}},"14":{"start":{"line":35,"column":4},"end":{"line":35,"column":15}},"15":{"start":{"line":36,"column":4},"end":{"line":37,"column":15}},"16":{"start":{"line":37,"column":6},"end":{"line":37,"column":15}},"17":{"start":{"line":39,"column":2},"end":{"line":39,"column":15}},"18":{"start":{"line":43,"column":0},"end":{"line":45,"column":2}}},"fnMap":{"0":{"name":"(anonymous_0)","decl":{"start":{"line":9,"column":19},"end":{"line":9,"column":20}},"loc":{"start":{"line":9,"column":37},"end":{"line":14,"column":1}},"line":9},"1":{"name":"(anonymous_1)","decl":{"start":{"line":16,"column":18},"end":{"line":16,"column":19}},"loc":{"start":{"line":16,"column":46},"end":{"line":41,"column":1}},"line":16}},"branchMap":{"0":{"loc":{"start":{"line":13,"column":9},"end":{"line":13,"column":44}},"type":"cond-expr","locations":[{"start":{"line":13,"column":31},"end":{"line":13,"column":39}},{"start":{"line":13,"column":42},"end":{"line":13,"column":44}}],"line":13},"1":{"loc":{"start":{"line":29,"column":4},"end":{"line":30,"column":15}},"type":"if","locations":[{"start":{"line":29,"column":4},"end":{"line":30,"column":15}},{"start":{},"end":{}}],"line":29},"2":{"loc":{"start":{"line":36,"column":4},"end":{"line":37,"column":15}},"type":"if","locations":[{"start":{"line":36,"column":4},"end":{"line":37,"column":15}},{"start":{},"end":{}}],"line":36}},"s":{"0":1,"1":3,"2":3,"3":3,"4":3,"5":1,"6":3,"7":3,"8":3,"9":8,"10":8,"11":8,"12":1,"13":2,"14":0,"15":0,"16":0,"17":2,"18":1},"f":{"0":3,"1":3},"b":{"0":[2,1],"1":[1,7],"2":[0,0]},"_coverageSchema":"1a1c01bbd47fc00a2c39e90264f33305004495a9","hash":"ce1cf2c8e582753440f29afa944a79fc05a24c76"}
,"/Users/julimen5/Documents/proyects/interview-algorithms/search/linearSearch.js": {"path":"/Users/julimen5/Documents/proyects/interview-algorithms/search/linearSearch.js","statementMap":{"0":{"start":{"line":11,"column":21},"end":{"line":16,"column":1}},"1":{"start":{"line":12,"column":2},"end":{"line":14,"column":3}},"2":{"start":{"line":12,"column":15},"end":{"line":12,"column":16}},"3":{"start":{"line":13,"column":4},"end":{"line":13,"column":38}},"4":{"start":{"line":13,"column":29},"end":{"line":13,"column":38}},"5":{"start":{"line":15,"column":2},"end":{"line":15,"column":12}},"6":{"start":{"line":18,"column":0},"end":{"line":20,"column":2}}},"fnMap":{"0":{"name":"(anonymous_0)","decl":{"start":{"line":11,"column":21},"end":{"line":11,"column":22}},"loc":{"start":{"line":11,"column":40},"end":{"line":16,"column":1}},"line":11}},"branchMap":{"0":{"loc":{"start":{"line":13,"column":4},"end":{"line":13,"column":38}},"type":"if","locations":[{"start":{"line":13,"column":4},"end":{"line":13,"column":38}},{"start":{},"end":{}}],"line":13}},"s":{"0":1,"1":0,"2":0,"3":0,"4":0,"5":0,"6":1},"f":{"0":0},"b":{"0":[0,0]},"_coverageSchema":"1a1c01bbd47fc00a2c39e90264f33305004495a9","hash":"f0077bb4462fd8e2457f057c741167f98ae81e2a"}
}
