TN:
SF:search/binarySearch.js
FN:9,(anonymous_0)
FNF:1
FNH:1
FNDA:11,(anonymous_0)
DA:9,1
DA:10,11
DA:11,3
DA:14,8
DA:15,8
DA:16,8
DA:17,6
DA:20,1
LF:8
LH:8
BRDA:10,0,0,3
BRDA:10,0,1,8
BRDA:11,1,0,1
BRDA:11,1,1,2
BRDA:15,2,0,0
BRDA:15,2,1,8
BRDA:16,3,0,2
BRDA:16,3,1,6
BRF:8
BRH:7
end_of_record
TN:
SF:search/index.js
FNF:0
FNH:0
DA:1,1
DA:2,1
DA:4,1
LF:3
LH:3
BRF:0
BRH:0
end_of_record
TN:
SF:search/linearSearch.js
FN:11,(anonymous_0)
FNF:1
FNH:0
FNDA:0,(anonymous_0)
DA:11,1
DA:12,0
DA:13,0
DA:15,0
DA:18,1
LF:5
LH:2
BRDA:13,0,0,0
BRDA:13,0,1,0
BRF:2
BRH:0
end_of_record
