TN:
SF:graphs/BFSGraph.js
FN:83,(anonymous_0)
FN:106,(anonymous_1)
FN:108,(anonymous_2)
FN:129,(anonymous_3)
FN:158,(anonymous_4)
FN:168,(anonymous_5)
FNF:6
FNH:6
FNDA:24,(anonymous_0)
FNDA:4,(anonymous_1)
FNDA:19,(anonymous_2)
FNDA:6,(anonymous_3)
FNDA:4,(anonymous_4)
FNDA:34,(anonymous_5)
DA:83,1
DA:84,24
DA:85,24
DA:86,24
DA:87,24
DA:88,24
DA:89,24
DA:90,24
DA:106,1
DA:107,4
DA:108,4
DA:109,19
DA:110,13
DA:111,6
DA:112,19
DA:113,1
DA:114,18
DA:116,4
DA:129,1
DA:130,6
DA:131,6
DA:132,3
DA:134,3
DA:158,1
DA:159,4
DA:160,4
DA:161,4
DA:162,4
DA:163,4
DA:164,4
DA:165,4
DA:166,20
DA:167,20
DA:168,20
DA:169,34
DA:170,16
DA:171,16
DA:172,16
DA:173,16
DA:177,4
DA:178,1
DA:180,3
DA:183,1
LF:43
LH:43
BRDA:109,0,0,13
BRDA:109,0,1,6
BRDA:112,1,0,1
BRDA:112,1,1,18
BRDA:129,2,0,3
BRDA:131,3,0,3
BRDA:131,3,1,3
BRDA:169,4,0,16
BRDA:169,4,1,18
BRDA:177,5,0,1
BRDA:177,5,1,3
BRF:11
BRH:11
end_of_record
